<?xml version="1.0" encoding="UTF-8"?>
<!-- Generated by org.testng.reporters.JUnitXMLReporter -->
<testsuite hostname="DESKTOP-MDQHQAV" name="Default test" tests="5" failures="0" timestamp="21 Mar 2019 18:25:58 GMT" time="0.063" errors="0">
  <testcase name="WebLoginCarloan" time="0.012" classname="test.carLoanTCDataProvider"/>
  <testcase name="WebLoginCarloan" time="0.001" classname="test.carLoanTCDataProvider"/>
  <testcase name="WebLoginCarloan" time="0.006" classname="test.carLoanTCDataProvider"/>
  <testcase name="MobileLoginCarLoan" time="0.001" classname="test.carLoanTCDataProvider"/>
  <testcase name="APILoginCarLoan" time="0.0" classname="test.carLoanTCDataProvider"/>
</testsuite> <!-- Default test -->
