<?xml version="1.0" encoding="UTF-8"?>
<!-- Generated by org.testng.reporters.JUnitXMLReporter -->
<testsuite hostname="DESKTOP-MDQHQAV" name="Test" tests="12" failures="0" timestamp="22 Mar 2019 16:50:01 GMT" time="0.094" errors="0">
  <testcase name="APILoginCarLoan" time="0.005" classname="Test.day3"/>
  <testcase name="APISignInCarLoan" time="0.002" classname="Test.day3"/>
  <testcase name="MobileLoginCarLoan" time="0.002" classname="Test.day3"/>
  <testcase name="MobileSignInCarLoan" time="0.002" classname="Test.day3"/>
  <testcase name="MobileSignOutCarLoan" time="0.002" classname="Test.day3"/>
  <testcase name="WebLoginCarLoan" time="0.003" classname="Test.day3"/>
  <testcase name="ploan" time="0.002" classname="Test.day2"/>
  <testcase name="APILoginHomeLoan" time="0.001" classname="Test.day4"/>
  <testcase name="MobileLoginHomeLoan" time="0.005" classname="Test.day4"/>
  <testcase name="WebLoginHomeLoan" time="0.003" classname="Test.day4"/>
  <testcase name="demoTestNg" time="0.002" classname="Test.RunningTestsWithoutJava"/>
  <testcase name="secondTest" time="0.007" classname="Test.RunningTestsWithoutJava"/>
</testsuite> <!-- Test -->
