<?xml version="1.0" encoding="UTF-8"?>
<testsuite xmlns:xsi="http://www.w3.org/2001/XMLSchema-instance" xsi:noNamespaceSchemaLocation="https://maven.apache.org/surefire/maven-surefire-plugin/xsd/surefire-test-report-3.0.xsd" version="3.0" name="TestSuite" time="0.486" tests="6" errors="0" skipped="0" failures="0">
  <properties>
[...]
</properties>
  <testcase name="IOSApps" classname="qaclickarun.AppiumTest" time="0"/>
  <testcase name="NavigateAppAndroid" classname="qaclickarun.AppiumTest" time="0"/>
  <testcase name="browserAutomation" classname="qaclickarun.SeleniumTest" time="0.015"/>
  <testcase name="elemntsUI" classname="qaclickarun.SeleniumTest" time="0"/>
  <testcase name="deleteTwitter" classname="qaclickarun.RESTAPITest" time="0"/>
  <testcase name="postJira" classname="qaclickarun.RESTAPITest" time="0"/>
</testsuite>