<?xml version="1.0" encoding="UTF-8"?>
<!-- Generated by org.testng.reporters.JUnitXMLReporter -->
<testsuite hostname="DESKTOP-MDQHQAV" name="Default test" tests="5" failures="0" timestamp="22 Mar 2019 18:01:10 GMT" time="0.045" errors="0">
  <testcase name="APILoginCarLoan" time="0.0" classname="Test.day3">
    <skipped/>
  </testcase> <!-- APILoginCarLoan -->
  <testcase name="APISignInCarLoan" time="0.015" classname="Test.day3"/>
  <testcase name="MobileLoginCarLoan" time="0.0" classname="Test.day3"/>
  <testcase name="MobileSignOutCarLoan" time="0.0" classname="Test.day3"/>
  <testcase name="WebLoginCarLoan" time="0.0" classname="Test.day3">
    <skipped/>
  </testcase> <!-- WebLoginCarLoan -->
</testsuite> <!-- Default test -->
