<?xml version="1.0" encoding="UTF-8"?>
<!-- Generated by org.testng.reporters.JUnitXMLReporter -->
<testsuite hostname="DESKTOP-MDQHQAV" name="Regression" tests="11" failures="0" timestamp="22 Mar 2019 17:32:12 GMT" time="0.084" errors="0">
  <testcase name="demoTestNg" time="0.0" classname="Test.RunningTestsWithoutJava"/>
  <testcase name="secondTest" time="0.0" classname="Test.RunningTestsWithoutJava"/>
  <testcase name="ploan" time="0.0" classname="Test.day2"/>
  <testcase name="APILoginCarLoan" time="0.0" classname="Test.day3"/>
  <testcase name="APISignInCarLoan" time="0.0" classname="Test.day3"/>
  <testcase name="MobileLoginCarLoan" time="0.0" classname="Test.day3"/>
  <testcase name="MobileSignOutCarLoan" time="0.0" classname="Test.day3"/>
  <testcase name="WebLoginCarLoan" time="0.0" classname="Test.day3"/>
  <testcase name="MobileLoginHomeLoan" time="0.0" classname="Test.day4"/>
  <testcase name="WebLoginHomeLoan" time="0.0" classname="Test.day4"/>
  <testcase name="APILoginHomeLoan" time="0.0" classname="Test.day4"/>
</testsuite> <!-- Regression -->
