<?xml version="1.0" encoding="UTF-8"?>
<!-- Generated by org.testng.reporters.JUnitXMLReporter -->
<testsuite hostname="DESKTOP-MDQHQAV" name="Car Loan" tests="5" failures="0" timestamp="22 Mar 2019 17:16:55 GMT" time="0.029" errors="0">
  <testcase name="APILoginCarLoan" time="0.003" classname="Test.day3"/>
  <testcase name="APISignInCarLoan" time="0.005" classname="Test.day3"/>
  <testcase name="MobileSignInCarLoan" time="0.002" classname="Test.day3"/>
  <testcase name="MobileSignOutCarLoan" time="0.002" classname="Test.day3"/>
  <testcase name="WebLoginCarLoan" time="0.005" classname="Test.day3"/>
</testsuite> <!-- Car Loan -->
