<?xml version="1.0" encoding="UTF-8"?>
<!-- Generated by org.testng.reporters.JUnitXMLReporter -->
<testsuite hostname="DESKTOP-MDQHQAV" name="Perosnal Loan" tests="4" failures="0" timestamp="22 Mar 2019 17:16:55 GMT" time="0.02" errors="0">
  <testcase name="APILoginHomeLoan" time="0.004" classname="Test.day4"/>
  <testcase name="MobileLoginHomeLoan" time="0.002" classname="Test.day4"/>
  <testcase name="WebLoginHomeLoan" time="0.002" classname="Test.day4"/>
  <testcase name="ploan" time="0.002" classname="Test.day2"/>
</testsuite> <!-- Perosnal Loan -->
