<?xml version="1.0" encoding="UTF-8"?>
<!-- Generated by org.testng.reporters.JUnitXMLReporter -->
<testsuite hostname="DESKTOP-MDQHQAV" name="Perosnal Loan" tests="3" failures="0" timestamp="21 Mar 2019 19:17:12 GMT" time="0.049" errors="0">
  <testcase name="ploan" time="0.017" classname="Test.day2"/>
  <testcase name="demoTestNg" time="0.001" classname="Test.RunningTestsWithoutJava"/>
  <testcase name="secondTest" time="0.003" classname="Test.RunningTestsWithoutJava"/>
</testsuite> <!-- Perosnal Loan -->
