<?xml version="1.0" encoding="UTF-8"?>
<!-- Generated by org.testng.reporters.JUnitXMLReporter -->
<testsuite hostname="DESKTOP-MDQHQAV" ignored="0" name="Test" tests="6" failures="0" timestamp="23 Mar 2019 17:08:55 GMT" time="0.053" errors="0">
  <testcase name="IOSApps" time="0.0" classname="qaclickarun.AppiumTest"/>
  <testcase name="NavigateAppAndroid" time="0.0" classname="qaclickarun.AppiumTest"/>
  <testcase name="browserAutomation" time="0.0" classname="qaclickarun.SeleniumTest"/>
  <testcase name="elemntsUI" time="0.0" classname="qaclickarun.SeleniumTest"/>
  <testcase name="deleteTwitter" time="0.0" classname="qaclickarun.RESTAPITest"/>
  <testcase name="postJira" time="0.0" classname="qaclickarun.RESTAPITest"/>
</testsuite> <!-- Test -->
