<?xml version="1.0" encoding="UTF-8"?>
<!-- Generated by org.testng.reporters.JUnitXMLReporter -->
<testsuite hostname="DESKTOP-MDQHQAV" name="arunacademy ValidateTitles" tests="1" failures="1" timestamp="28 Mar 2019 18:37:01 GMT" time="4.968" errors="0">
  <testcase name="basePageNavigation" time="0.067" classname="arunacademy.ValidateTitles">
    <failure type="java.lang.AssertionError" message="expected [FEATURED COURSES1] but found [FEATURED COURSES]">
      <![CDATA[java.lang.AssertionError: expected [FEATURED COURSES1] but found [FEATURED COURSES]
	at arunacademy.ValidateTitles.basePageNavigation(ValidateTitles.java:32)
... Removed 31 stack frames]]>
    </failure>
  </testcase> <!-- basePageNavigation -->
</testsuite> <!-- arunacademy ValidateTitles -->
