<?xml version="1.0" encoding="UTF-8"?>
<!-- Generated by org.testng.reporters.JUnitXMLReporter -->
<testsuite hostname="DESKTOP-MDQHQAV" name="Test" tests="3" failures="0" timestamp="28 Mar 2019 17:10:56 GMT" time="24.886" errors="0">
  <testcase name="basePageNavigation" time="9.762" classname="arunacademy.HomePage"/>
  <testcase name="basePageNavigation" time="5.585" classname="arunacademy.HomePage"/>
  <testcase name="basePageNavigation" time="0.143" classname="arunacademy.ValidateTitles"/>
</testsuite> <!-- Test -->
