<?xml version="1.0" encoding="UTF-8"?>
<!-- Generated by org.testng.reporters.JUnitXMLReporter -->
<testsuite hostname="DESKTOP-MDQHQAV" name="Car Loan TCs" tests="7" failures="1" timestamp="22 Mar 2019 18:53:18 GMT" time="0.104" errors="0">
  <testcase name="APILoginCarLoan" time="0.016" classname="Test.day3"/>
  <testcase name="APISignInCarLoan" time="0.0" classname="Test.day3"/>
  <testcase name="MobileLoginCarLoan" time="0.016" classname="Test.day3">
    <failure type="java.lang.AssertionError" message="expected [true] but found [false]">
      <![CDATA[java.lang.AssertionError: expected [true] but found [false]
	at Test.day3.MobileLoginCarLoan(day3.java:34)
	at java.util.concurrent.FutureTask.run(Unknown Source)
	at java.util.concurrent.ThreadPoolExecutor.runWorker(Unknown Source)
	at java.util.concurrent.ThreadPoolExecutor$Worker.run(Unknown Source)
	at java.lang.Thread.run(Unknown Source)
... Removed 20 stack frames]]>
    </failure>
  </testcase> <!-- MobileLoginCarLoan -->
  <testcase name="MobileSignOutCarLoan" time="0.0" classname="Test.day3"/>
  <testcase name="WebLoginCarLoan" time="0.0" classname="Test.day3"/>
  <testcase name="WebLoginCarLoan" time="0.0" classname="Test.day3"/>
  <testcase name="WebLoginCarLoan" time="0.0" classname="Test.day3"/>
</testsuite> <!-- Car Loan TCs -->
