<?xml version="1.0" encoding="UTF-8"?>
<!-- Generated by org.testng.reporters.JUnitXMLReporter -->
<testsuite hostname="DESKTOP-MDQHQAV" name="Regression" tests="6" failures="0" timestamp="22 Mar 2019 18:18:55 GMT" time="0.052" errors="0">
  <testcase name="demoTestNg" time="0.006" classname="Test.RunningTestsWithoutJava"/>
  <testcase name="secondTest" time="0.002" classname="Test.RunningTestsWithoutJava"/>
  <testcase name="ploan" time="0.001" classname="Test.day2"/>
  <testcase name="MobileLoginHomeLoan" time="0.002" classname="Test.day4"/>
  <testcase name="WebLoginHomeLoan" time="0.002" classname="Test.day4"/>
  <testcase name="APILoginHomeLoan" time="0.002" classname="Test.day4"/>
</testsuite> <!-- Regression -->
