<?xml version="1.0" encoding="UTF-8"?>
<!-- Generated by org.testng.reporters.JUnitXMLReporter -->
<testsuite hostname="DESKTOP-MDQHQAV" name="Regression" tests="6" failures="0" timestamp="22 Mar 2019 18:53:18 GMT" time="0.057" errors="0">
  <testcase name="demoTestNg" time="0.016" classname="Test.RunningTestsWithoutJava"/>
  <testcase name="secondTest" time="0.0" classname="Test.RunningTestsWithoutJava"/>
  <testcase name="ploan" time="0.0" classname="Test.day2"/>
  <testcase name="MobileLoginHomeLoan" time="0.0" classname="Test.day4"/>
  <testcase name="WebLoginHomeLoan" time="0.01" classname="Test.day4"/>
  <testcase name="APILoginHomeLoan" time="0.0" classname="Test.day4"/>
</testsuite> <!-- Regression -->
