<?xml version="1.0" encoding="UTF-8"?>
<testng-results skipped="0" failed="0" total="1" passed="1">
  <reporter-output>
  </reporter-output>
  <suite name="Default suite" duration-ms="18817" started-at="2019-03-28T06:33:41Z" finished-at="2019-03-28T06:34:00Z">
    <groups>
    </groups>
    <test name="Default test" duration-ms="18817" started-at="2019-03-28T06:33:41Z" finished-at="2019-03-28T06:34:00Z">
      <class name="Testcases.Loginapplication">
        <test-method status="PASS" signature="Login()[pri:0, instance:Testcases.Loginapplication@174d20a]" name="Login" duration-ms="18799" started-at="2019-03-28T12:03:41Z" finished-at="2019-03-28T12:04:00Z">
          <reporter-output>
          </reporter-output>
        </test-method> <!-- Login -->
      </class> <!-- Testcases.Loginapplication -->
    </test> <!-- Default test -->
  </suite> <!-- Default suite -->
</testng-results>
