<?xml version="1.0" encoding="UTF-8"?>
<testng-results skipped="0" failed="0" total="1" passed="1">
  <reporter-output>
  </reporter-output>
  <suite name="Default suite" duration-ms="18212" started-at="2019-03-23T05:26:01Z" finished-at="2019-03-23T05:26:19Z">
    <groups>
    </groups>
    <test name="Default test" duration-ms="18212" started-at="2019-03-23T05:26:01Z" finished-at="2019-03-23T05:26:19Z">
      <class name="Test.globalParametersDemo">
        <test-method status="PASS" signature="WebLogin()[pri:0, instance:Test.globalParametersDemo@5afa04c]" name="WebLogin" duration-ms="18193" started-at="2019-03-23T10:56:01Z" finished-at="2019-03-23T10:56:19Z">
          <reporter-output>
          </reporter-output>
        </test-method> <!-- WebLogin -->
      </class> <!-- Test.globalParametersDemo -->
    </test> <!-- Default test -->
  </suite> <!-- Default suite -->
</testng-results>
